# JRE version: Java(TM) SE Runtime Environment (8.0_191-b12) (build 1.8.0_191-b12)
# Java VM: Java HotSpot(TM) Client VM (25.191-b12 mixed mode windows-x86 )
Heap:
 def new generation   total 157248K, used 157248K [0x04800000, 0x0f2a0000, 0x0f2a0000)
  eden space 139776K, 100% used [0x04800000, 0x0d080000, 0x0d080000)
  from space 17472K, 100% used [0x0d080000, 0x0e190000, 0x0e190000)
  to   space 17472K,   0% used [0x0e190000, 0x0e190000, 0x0f2a0000)
 tenured generation   total 349568K, used 349567K [0x0f2a0000, 0x24800000, 0x24800000)
   the space 349568K,  99% used [0x0f2a0000, 0x247fffe0, 0x24800000, 0x24800000)
 Metaspace       used 25674K, capacity 26200K, committed 26368K, reserved 27008K
GC Heap History (10 events):
Event: 6400.993 GC heap before
{Heap before GC invocations=271 (full 75):
 def new generation   total 157248K, used 157247K [0x04800000, 0x0f2a0000, 0x0f2a0000)
  eden space 139776K, 100% used [0x04800000, 0x0d080000, 0x0d080000)
  from space 17472K,  99% used [0x0d080000, 0x0e18ff08, 0x0e190000)
  to   space 17472K,   0% used [0x0e190000, 0x0e190000, 0x0f2a0000)
 tenured generation   total 349568K, used 349567K [0x0f2a0000, 0x24800000, 0x24800000)
   the space 349568K,  99% used [0x0f2a0000, 0x247fff60, 0x24800000, 0x24800000)
 Metaspace       used 25674K, capacity 26200K, committed 26368K, reserved 27008K
Event: 6401.421 GC heap after
Heap after GC invocations=272 (full 76):
 def new generation   total 157248K, used 157207K [0x04800000, 0x0f2a0000, 0x0f2a0000)
  eden space 139776K, 100% used [0x04800000, 0x0d080000, 0x0d080000)
  from space 17472K,  99% used [0x0d080000, 0x0e185d30, 0x0e190000)
  to   space 17472K,   0% used [0x0e190000, 0x0e190000, 0x0f2a0000)
 tenured generation   total 349568K, used 349566K [0x0f2a0000, 0x24800000, 0x24800000)
   the space 349568K,  99% used [0x0f2a0000, 0x247ffa10, 0x247ffc00, 0x24800000)
 Metaspace       used 25674K, capacity 26200K, committed 26368K, reserved 27008K
}
Event: 6401.421 GC heap before
{Heap before GC invocations=272 (full 76):
 def new generation   total 157248K, used 157247K [0x04800000, 0x0f2a0000, 0x0f2a0000)
  eden space 139776K, 100% used [0x04800000, 0x0d080000, 0x0d080000)
  from space 17472K,  99% used [0x0d080000, 0x0e18ff80, 0x0e190000)
  to   space 17472K,   0% used [0x0e190000, 0x0e190000, 0x0f2a0000)
 tenured generation   total 349568K, used 349567K [0x0f2a0000, 0x24800000, 0x24800000)
   the space 349568K,  99% used [0x0f2a0000, 0x247fff60, 0x24800000, 0x24800000)
 Metaspace       used 25674K, capacity 26200K, committed 26368K, reserved 27008K
Event: 6401.792 GC heap after
Heap after GC invocations=273 (full 77):
 def new generation   total 157248K, used 157214K [0x04800000, 0x0f2a0000, 0x0f2a0000)
  eden space 139776K, 100% used [0x04800000, 0x0d080000, 0x0d080000)
  from space 17472K,  99% used [0x0d080000, 0x0e187ac0, 0x0e190000)
  to   space 17472K,   0% used [0x0e190000, 0x0e190000, 0x0f2a0000)
 tenured generation   total 349568K, used 349567K [0x0f2a0000, 0x24800000, 0x24800000)
   the space 349568K,  99% used [0x0f2a0000, 0x247fff60, 0x24800000, 0x24800000)
 Metaspace       used 25674K, capacity 26200K, committed 26368K, reserved 27008K
}
Event: 6401.793 GC heap before
{Heap before GC invocations=273 (full 77):
 def new generation   total 157248K, used 157247K [0x04800000, 0x0f2a0000, 0x0f2a0000)
  eden space 139776K, 100% used [0x04800000, 0x0d080000, 0x0d080000)
  from space 17472K,  99% used [0x0d080000, 0x0e18ff98, 0x0e190000)
  to   space 17472K,   0% used [0x0e190000, 0x0e190000, 0x0f2a0000)
 tenured generation   total 349568K, used 349567K [0x0f2a0000, 0x24800000, 0x24800000)
   the space 349568K,  99% used [0x0f2a0000, 0x247fff60, 0x24800000, 0x24800000)
 Metaspace       used 25674K, capacity 26200K, committed 26368K, reserved 27008K
Event: 6402.174 GC heap after
Heap after GC invocations=274 (full 78):
 def new generation   total 157248K, used 157215K [0x04800000, 0x0f2a0000, 0x0f2a0000)
  eden space 139776K, 100% used [0x04800000, 0x0d080000, 0x0d080000)
  from space 17472K,  99% used [0x0d080000, 0x0e187c20, 0x0e190000)
  to   space 17472K,   0% used [0x0e190000, 0x0e190000, 0x0f2a0000)
 tenured generation   total 349568K, used 349567K [0x0f2a0000, 0x24800000, 0x24800000)
   the space 349568K,  99% used [0x0f2a0000, 0x247fff60, 0x24800000, 0x24800000)
 Metaspace       used 25674K, capacity 26200K, committed 26368K, reserved 27008K
}
Event: 6402.175 GC heap before
{Heap before GC invocations=274 (full 78):
 def new generation   total 157248K, used 157233K [0x04800000, 0x0f2a0000, 0x0f2a0000)
  eden space 139776K, 100% used [0x04800000, 0x0d080000, 0x0d080000)
  from space 17472K,  99% used [0x0d080000, 0x0e18c500, 0x0e190000)
  to   space 17472K,   0% used [0x0e190000, 0x0e190000, 0x0f2a0000)
 tenured generation   total 349568K, used 349567K [0x0f2a0000, 0x24800000, 0x24800000)
   the space 349568K,  99% used [0x0f2a0000, 0x247fff60, 0x24800000, 0x24800000)
 Metaspace       used 25674K, capacity 26200K, committed 26368K, reserved 27008K
Event: 6402.551 GC heap after
Heap after GC invocations=275 (full 79):
 def new generation   total 157248K, used 157157K [0x04800000, 0x0f2a0000, 0x0f2a0000)
  eden space 139776K, 100% used [0x04800000, 0x0d080000, 0x0d080000)
  from space 17472K,  99% used [0x0d080000, 0x0e1795c0, 0x0e190000)
  to   space 17472K,   0% used [0x0e190000, 0x0e190000, 0x0f2a0000)
 tenured generation   total 349568K, used 349567K [0x0f2a0000, 0x24800000, 0x24800000)
   the space 349568K,  99% used [0x0f2a0000, 0x247fff60, 0x24800000, 0x24800000)
 Metaspace       used 25674K, capacity 26200K, committed 26368K, reserved 27008K
}
Event: 6402.551 GC heap before
{Heap before GC invocations=275 (full 79):
 def new generation   total 157248K, used 157157K [0x04800000, 0x0f2a0000, 0x0f2a0000)
  eden space 139776K, 100% used [0x04800000, 0x0d080000, 0x0d080000)
  from space 17472K,  99% used [0x0d080000, 0x0e1795c0, 0x0e190000)
  to   space 17472K,   0% used [0x0e190000, 0x0e190000, 0x0f2a0000)
 tenured generation   total 349568K, used 349567K [0x0f2a0000, 0x24800000, 0x24800000)
   the space 349568K,  99% used [0x0f2a0000, 0x247fff60, 0x24800000, 0x24800000)
 Metaspace       used 25674K, capacity 26200K, committed 26368K, reserved 27008K
Event: 6402.942 GC heap after
Heap after GC invocations=276 (full 80):
 def new generation   total 157248K, used 157157K [0x04800000, 0x0f2a0000, 0x0f2a0000)
  eden space 139776K, 100% used [0x04800000, 0x0d080000, 0x0d080000)
  from space 17472K,  99% used [0x0d080000, 0x0e1795c0, 0x0e190000)
  to   space 17472K,   0% used [0x0e190000, 0x0e190000, 0x0f2a0000)
 tenured generation   total 349568K, used 349566K [0x0f2a0000, 0x24800000, 0x24800000)
   the space 349568K,  99% used [0x0f2a0000, 0x247ffa10, 0x247ffc00, 0x24800000)
 Metaspace       used 25674K, capacity 26200K, committed 26368K, reserved 27008K
}

